============================= test session starts =============================
platform win32 -- Python 3.14.6, pytest-9.1.1, pluggy-1.6.0 -- C:\PyProjects\Taxa 3.0\.venv\Scripts\python.exe
cachedir: .pytest_cache
rootdir: C:\PyProjects\Taxa 3.0
configfile: pytest.ini
testpaths: tests
collecting ... collected 63 items

tests/test_context_engine.py::test_context_assigner_keeps_section_active PASSED [  1%]
tests/test_context_engine.py::test_context_engine_summary PASSED         [  3%]
tests/test_context_engine.py::test_table_row_context_inherits_section PASSED [  4%]
tests/test_context_no_circular_import.py::test_context_imports_without_circular_dependency PASSED [  6%]
tests/test_diff_engine.py::test_diff_engine_detects_match_missing_extra PASSED [  7%]
tests/test_document_engine.py::test_style_reader_detects_heading PASSED  [  9%]
tests/test_document_engine.py::test_page_iterator_groups_blocks PASSED   [ 11%]
tests/test_document_reader_heading_numbering.py::test_document_reader_adds_generated_heading_numbers PASSED [ 12%]
tests/test_flat_tax_extractor.py::test_flat_extractor_removes_single_price_from_name PASSED [ 14%]
tests/test_flat_tax_extractor.py::test_flat_extractor_creates_multiple_price_rows PASSED [ 15%]
tests/test_flat_tax_extractor.py::test_flat_extractor_skips_lowercase_continuation_fragment PASSED [ 17%]
tests/test_flat_tax_extractor.py::test_flat_extractor_skips_tillkommer_note PASSED [ 19%]
tests/test_golden_builder.py::test_golden_master_builder_counts_rows PASSED [ 20%]
tests/test_golden_builder.py::test_golden_master_merger_avoids_duplicates PASSED [ 22%]
tests/test_golden_builder.py::test_section_rule_engine_known_count PASSED [ 23%]
tests/test_golden_builder.py::test_reference_rule_engine PASSED          [ 25%]
tests/test_golden_builder.py::test_variant_rule_engine PASSED            [ 26%]
tests/test_golden_builder.py::test_confidence_scoring PASSED             [ 28%]
tests/test_golden_builder.py::test_tax_pattern_matcher_best_match PASSED [ 30%]
tests/test_heading_numberer.py::test_heading_numberer_generates_section_numbers PASSED [ 31%]
tests/test_heading_numberer.py::test_heading_numberer_increments_siblings PASSED [ 33%]
tests/test_heading_numberer.py::test_heading_numberer_does_not_double_prefix PASSED [ 34%]
tests/test_heading_tree.py::test_section_classifier_detects_numbered_heading PASSED [ 36%]
tests/test_heading_tree.py::test_heading_tree_builder_creates_hierarchy PASSED [ 38%]
tests/test_master_excel_reader.py::test_master_excel_reader_reads_basic_rows PASSED [ 39%]
tests/test_section_classifier_rewrite.py::test_accepts_real_section_with_paragraph_symbol PASSED [ 41%]
tests/test_section_classifier_rewrite.py::test_accepts_main_chapter PASSED [ 42%]
tests/test_section_classifier_rewrite.py::test_rejects_year PASSED       [ 44%]
tests/test_section_classifier_rewrite.py::test_rejects_date PASSED       [ 46%]
tests/test_section_classifier_rewrite.py::test_rejects_ewc_code PASSED   [ 47%]
tests/test_section_classifier_rewrite.py::test_rejects_un_number PASSED  [ 49%]
tests/test_section_classifier_rewrite.py::test_rejects_price_row PASSED  [ 50%]
tests/test_section_classifier_rewrite.py::test_rejects_tax_data_row_starting_with_container PASSED [ 52%]
tests/test_section_classifier_rewrite.py::test_rejects_document_title_with_year PASSED [ 53%]
tests/test_section_number.py::test_section_number_parts PASSED           [ 55%]
tests/test_section_number.py::test_section_number_child PASSED           [ 57%]
tests/test_section_number.py::test_section_filter_false_heading PASSED   [ 58%]
tests/test_semantic_parser.py::test_row_type_classifier_reference PASSED [ 60%]
tests/test_semantic_parser.py::test_section_tax_rules_reference_not_exported PASSED [ 61%]
tests/test_semantic_parser.py::test_semantic_parser_assigns_section_to_tax_row PASSED [ 63%]
tests/test_semantic_parser.py::test_semantic_parser_keeps_reference_but_does_not_export PASSED [ 65%]
tests/test_table_engine.py::test_cell_normalizer PASSED                  [ 66%]
tests/test_table_engine.py::test_row_classifier_header PASSED            [ 68%]
tests/test_table_engine.py::test_row_classifier_tax PASSED               [ 69%]
tests/test_table_engine.py::test_row_classifier_reference PASSED         [ 71%]
tests/test_table_engine.py::test_smart_table_detector_visual_rows PASSED [ 73%]
tests/test_table_engine2.py::test_price_cell_detector PASSED             [ 74%]
tests/test_table_engine2.py::test_structured_extractor_splits_three_prices_into_variants PASSED [ 76%]
tests/test_table_engine2.py::test_structured_extractor_keeps_name_separate_from_price PASSED [ 77%]
tests/test_tax_classifier_precision.py::test_definition_text_with_unit_word_is_not_tax PASSED [ 79%]
tests/test_tax_classifier_precision.py::test_long_legal_text_with_avgift_is_not_tax PASSED [ 80%]
tests/test_tax_classifier_precision.py::test_price_placeholder_is_tax PASSED [ 82%]
tests/test_tax_classifier_precision.py::test_numeric_decimal_price_is_tax PASSED [ 84%]
tests/test_tax_classifier_precision.py::test_chapter_1_never_exports PASSED [ 85%]
tests/test_tax_classifier_precision.py::test_real_tax_section_exports PASSED [ 87%]
tests/test_tax_extractor.py::test_unit_detector_detects_kr_per_fraktion PASSED [ 88%]
tests/test_tax_extractor.py::test_metadata_extractor_ewc_and_un PASSED   [ 90%]
tests/test_tax_extractor.py::test_metadata_extractor_ewc_without_star PASSED [ 92%]
tests/test_tax_extractor.py::test_tax_row_extractor_extracts_row PASSED  [ 93%]
tests/test_tax_pipeline.py::test_tax_pipeline_runs_single_official_flow FAILED [ 95%]
tests/test_validation_engine.py::test_duplicate_detector_finds_duplicate PASSED [ 96%]
tests/test_validation_engine.py::test_missing_tax_detector_finds_missing_section PASSED [ 98%]
tests/test_validation_engine.py::test_validation_engine_passes_valid_rows_without_golden PASSED [100%]

================================== FAILURES ===================================
_________________ test_tax_pipeline_runs_single_official_flow _________________
tests\test_tax_pipeline.py:15: in test_tax_pipeline_runs_single_official_flow
    assert result.tax_rows
E   AssertionError: assert []
E    +  where [] = TaxPipelineResult(blocks=[DocumentBlock(order=0, kind='paragraph', text='1 § Avgifter', style='Heading 1', rows=[], metadata={'heading_level': 1, 'section_number': '1', 'original_text': 'Avgifter', 'generated_heading_number': True}), DocumentBlock(order=1, kind='paragraph', text='1.1 § Grundavgift', style='Heading 2', rows=[], metadata={'heading_level': 2, 'section_number': '1.1', 'original_text': 'Grundavgift', 'generated_heading_number': True}), DocumentBlock(order=2, kind='paragraph', text='Fritidshus XX kr', style='Normal', rows=[], metadata={})], semantic_rows=[SemanticRow(row_type='section', text='1 § Avgifter', cells=['1 § Avgifter'], order=0, section='1', group='', reason='default info'), SemanticRow(row_type='section', text='1.1 § Grundavgift', cells=['1.1 § Grundavgift'], order=1, section='1.1', group='', reason='default info'), SemanticRow(row_type='tax', text='Fritidshus XX kr', cells=['Fritidshus XX kr'], order=2, section='1.1', group='', reason='low-level tax candidate')], tax_rows=[]).tax_rows
=========================== short test summary info ===========================
FAILED tests/test_tax_pipeline.py::test_tax_pipeline_runs_single_official_flow
======================== 1 failed, 62 passed in 0.68s =========================
