============================= test session starts =============================
platform win32 -- Python 3.14.6, pytest-9.1.1, pluggy-1.6.0 -- C:\PyProjects\Taxa 3.0\.venv\Scripts\python.exe
cachedir: .pytest_cache
rootdir: C:\PyProjects\Taxa 3.0
configfile: pytest.ini
testpaths: tests
collecting ... collected 162 items / 1 error

=================================== ERRORS ====================================
_______________ ERROR collecting tests/test_project_scripts.py ________________
.venv\Lib\site-packages\_pytest\python.py:508: in importtestmodule
    mod = import_path(
.venv\Lib\site-packages\_pytest\pathlib.py:596: in import_path
    importlib.import_module(module_name)
C:\Users\Isak.Hjelte\AppData\Local\Python\pythoncore-3.14-64\Lib\importlib\__init__.py:88: in import_module
    return _bootstrap._gcd_import(name[level:], package, level)
           ^^^^^^^^^^^^^^^^^^^^^^^^^^^^^^^^^^^^^^^^^^^^^^^^^^^^
<frozen importlib._bootstrap>:1406: in _gcd_import
    ???
<frozen importlib._bootstrap>:1371: in _find_and_load
    ???
<frozen importlib._bootstrap>:1342: in _find_and_load_unlocked
    ???
<frozen importlib._bootstrap>:938: in _load_unlocked
    ???
.venv\Lib\site-packages\_pytest\assertion\rewrite.py:179: in exec_module
    source_stat, co = _rewrite_test(fn, self.config)
                      ^^^^^^^^^^^^^^^^^^^^^^^^^^^^^^
.venv\Lib\site-packages\_pytest\assertion\rewrite.py:348: in _rewrite_test
    tree = ast.parse(source, filename=strfn)
           ^^^^^^^^^^^^^^^^^^^^^^^^^^^^^^^^^
C:\Users\Isak.Hjelte\AppData\Local\Python\pythoncore-3.14-64\Lib\ast.py:46: in parse
    return compile(source, filename, mode, flags,
E     File "C:\PyProjects\Taxa 3.0\tests\test_project_scripts.py", line 20
E       assert "output\projects\Norsjo" in text
E              ^^^^^^^^^^^^^^^^^^^^^^^^
E   SyntaxError: (unicode error) 'unicodeescape' codec can't decode bytes in position 15-16: malformed \N character escape
============================== warnings summary ===============================
tests\test_project_scripts.py:18
  C:\PyProjects\Taxa 3.0\tests\test_project_scripts.py:18: SyntaxWarning: "\p" is an invalid escape sequence. Such sequences will not work in the future. Did you mean "\\p"? A raw string is also an option.
    assert "output\projects\Sorsele" in text

tests\test_project_scripts.py:19
  C:\PyProjects\Taxa 3.0\tests\test_project_scripts.py:19: SyntaxWarning: "\p" is an invalid escape sequence. Such sequences will not work in the future. Did you mean "\\p"? A raw string is also an option.
    assert "output\projects\Mala" in text

-- Docs: https://docs.pytest.org/en/stable/how-to/capture-warnings.html
=========================== short test summary info ===========================
ERROR tests/test_project_scripts.py
!!!!!!!!!!!!!!!!!!! Interrupted: 1 error during collection !!!!!!!!!!!!!!!!!!!!
======================== 2 warnings, 1 error in 0.65s =========================
